<?xml version="1.0" encoding="UTF-8"?>
<!-- Generated by org.testng.reporters.JUnitReportReporter -->
<testsuite hostname="DESKTOP-M03O496" failures="0" tests="1" name="TestRunner.Runner" time="9.120" errors="0" timestamp="2024-01-18T12:43:05 IST" skipped="0">
  <testcase classname="TestRunner.Runner" name="runScenario" time="9.120"/>
  <system-out/>
</testsuite> <!-- TestRunner.Runner -->
