<?xml version="1.0" encoding="UTF-8"?>
<!-- Generated by org.testng.reporters.JUnitReportReporter -->
<testsuite hostname="Kajal" failures="0" tests="3" name="TestRunner.Runner" time="31.725" errors="0" timestamp="2024-01-20T00:01:17 IST" skipped="0">
  <testcase classname="TestRunner.Runner" name="runScenario" time="16.299"/>
  <system-out/>
  <testcase classname="TestRunner.Runner" name="runScenario" time="13.891"/>
  <system-out/>
  <testcase classname="TestRunner.Runner" name="runScenario" time="1.535"/>
  <system-out/>
</testsuite> <!-- TestRunner.Runner -->
