<?xml version="1.0" encoding="UTF-8"?>
<!-- Generated by org.testng.reporters.JUnitReportReporter -->
<testsuite hostname="LAPTOP-6QKOH622" failures="0" tests="2" name="TestRunner.Runner" time="27.701" errors="0" timestamp="2024-01-18T13:51:00 IST" skipped="0">
  <testcase classname="TestRunner.Runner" name="runScenario" time="26.295"/>
  <system-out/>
  <testcase classname="TestRunner.Runner" name="runScenario" time="1.406"/>
  <system-out/>
</testsuite> <!-- TestRunner.Runner -->
