<?xml version="1.0" encoding="UTF-8"?>
<!-- Generated by org.testng.reporters.JUnitReportReporter -->
<testsuite hostname="Kajal" failures="0" tests="3" name="TestRunner.Runner" time="44.528" errors="0" timestamp="2024-01-20T21:54:46 IST" skipped="0">
  <testcase classname="TestRunner.Runner" name="runScenario" time="29.375"/>
  <system-out/>
  <testcase classname="TestRunner.Runner" name="runScenario" time="13.751"/>
  <system-out/>
  <testcase classname="TestRunner.Runner" name="runScenario" time="1.402"/>
  <system-out/>
</testsuite> <!-- TestRunner.Runner -->
